<?xml version="1.0" encoding="UTF-8"?>
<!-- Generated by org.testng.reporters.JUnitReportReporter -->
<testsuite hostname="DESKTOP-8SHDVV7" failures="0" tests="1" name="com.framework.goibibo" time="9.041" errors="0" timestamp="2025-07-01T13:34:53 IST" skipped="0">
  <testcase classname="com.framework.goibibo" name="usingPOM" time="9.041"/>
</testsuite> <!-- com.framework.goibibo -->
