<?xml version="1.0" encoding="UTF-8"?>
<!-- Generated by org.testng.reporters.JUnitReportReporter -->
<testsuite hostname="DESKTOP-8SHDVV7" failures="0" tests="1" name="com.framework.goibibo" time="6.841" errors="0" timestamp="2025-06-28T08:46:17 IST" skipped="0">
  <testcase classname="com.framework.goibibo" name="sample" time="6.841"/>
</testsuite> <!-- com.framework.goibibo -->
